<?xml version="1.0" encoding="UTF-8"?>
<testng-results skipped="0" failed="0" ignored="0" total="1" passed="1">
  <reporter-output>
  </reporter-output>
  <suite name="Default suite" duration-ms="69" started-at="2018-12-29T12:33:17Z" finished-at="2018-12-29T12:33:17Z">
    <groups>
    </groups>
    <test name="Default test" duration-ms="69" started-at="2018-12-29T12:33:17Z" finished-at="2018-12-29T12:33:17Z">
      <class name="com.org.selenuimGitMaven.com.org.myMavenProject.Login1Test">
        <test-method status="PASS" signature="loginTest()[pri:0, instance:com.org.selenuimGitMaven.com.org.myMavenProject.Login1Test@cb5822]" name="loginTest" duration-ms="20" started-at="2018-12-29T12:33:17Z" finished-at="2018-12-29T12:33:17Z">
          <reporter-output>
          </reporter-output>
        </test-method> <!-- loginTest -->
      </class> <!-- com.org.selenuimGitMaven.com.org.myMavenProject.Login1Test -->
    </test> <!-- Default test -->
  </suite> <!-- Default suite -->
</testng-results>
